[debug] [2024-09-19T16:27:38.181Z] ----------------------------------------------------------------------
[debug] [2024-09-19T16:27:38.187Z] Command:       /usr/local/Cellar/node/22.8.0/bin/node /usr/local/bin/firebase init
[debug] [2024-09-19T16:27:38.188Z] CLI Version:   13.17.0
[debug] [2024-09-19T16:27:38.189Z] Platform:      darwin
[debug] [2024-09-19T16:27:38.189Z] Node Version:  v22.8.0
[debug] [2024-09-19T16:27:38.189Z] Time:          Thu Sep 19 2024 21:57:38 GMT+0530 (India Standard Time)
[debug] [2024-09-19T16:27:38.190Z] ----------------------------------------------------------------------
[debug] 
[debug] [2024-09-19T16:27:38.201Z] > command requires scopes: ["email","openid","https://www.googleapis.com/auth/cloudplatformprojects.readonly","https://www.googleapis.com/auth/firebase","https://www.googleapis.com/auth/cloud-platform"]
[debug] [2024-09-19T16:27:38.201Z] > authorizing via signed-in user (vignesh000129@gmail.com)
[info] 
     ######## #### ########  ######## ########     ###     ######  ########
     ##        ##  ##     ## ##       ##     ##  ##   ##  ##       ##
     ######    ##  ########  ######   ########  #########  ######  ######
     ##        ##  ##    ##  ##       ##     ## ##     ##       ## ##
     ##       #### ##     ## ######## ########  ##     ##  ######  ########

You're about to initialize a Firebase project in this directory:

  /Users/vignesh.m/Downloads/pdfuploder

[info] 
=== Project Setup
[info] 
[info] First, let's associate this project directory with a Firebase project.
[info] You can create multiple project aliases by running firebase use --add, 
[info] but for now we'll just set up a default project.
[info] 
[info] i  If you want to create a project in a Google Cloud organization or folder, please use "firebase projects:create" instead, and return to this command when you've created the project. 
[debug] [2024-09-19T16:28:42.364Z] >>> [apiv2][query] POST https://cloudresourcemanager.googleapis.com/v1/projects [none]
[debug] [2024-09-19T16:28:42.364Z] >>> [apiv2][body] POST https://cloudresourcemanager.googleapis.com/v1/projects {"projectId":"kani_chat_bot","name":"kani_chat_bot"}
[debug] [2024-09-19T16:28:44.119Z] <<< [apiv2][status] POST https://cloudresourcemanager.googleapis.com/v1/projects 400
[debug] [2024-09-19T16:28:44.119Z] <<< [apiv2][body] POST https://cloudresourcemanager.googleapis.com/v1/projects {"error":{"code":400,"message":"Request contains an invalid argument.","status":"INVALID_ARGUMENT","details":[{"@type":"type.googleapis.com/google.rpc.BadRequest","fieldViolations":[{"field":"project_id","description":"project_id contains invalid characters"},{"field":"display_name","description":"project display name contains invalid characters"}]},{"@type":"type.googleapis.com/google.rpc.Help","links":[{"url":"https://cloud.google.com/resource-manager/reference/rest/v1/projects"}]}]}}
[debug] [2024-09-19T16:28:44.340Z] FirebaseError: HTTP Error: 400, Request contains an invalid argument.
    at responseToError (/usr/local/lib/node_modules/firebase-tools/lib/responseToError.js:49:12)
    at RetryOperation._fn (/usr/local/lib/node_modules/firebase-tools/lib/apiv2.js:305:77)
    at process.processTicksAndRejections (node:internal/process/task_queues:105:5)
[error] 
[error] Error: Failed to create project. See firebase-debug.log for more info.
[debug] [2024-09-19T16:28:52.583Z] ----------------------------------------------------------------------
[debug] [2024-09-19T16:28:52.587Z] Command:       /usr/local/Cellar/node/22.8.0/bin/node /usr/local/bin/firebase init
[debug] [2024-09-19T16:28:52.588Z] CLI Version:   13.17.0
[debug] [2024-09-19T16:28:52.588Z] Platform:      darwin
[debug] [2024-09-19T16:28:52.588Z] Node Version:  v22.8.0
[debug] [2024-09-19T16:28:52.589Z] Time:          Thu Sep 19 2024 21:58:52 GMT+0530 (India Standard Time)
[debug] [2024-09-19T16:28:52.589Z] ----------------------------------------------------------------------
[debug] 
[debug] [2024-09-19T16:28:52.599Z] > command requires scopes: ["email","openid","https://www.googleapis.com/auth/cloudplatformprojects.readonly","https://www.googleapis.com/auth/firebase","https://www.googleapis.com/auth/cloud-platform"]
[debug] [2024-09-19T16:28:52.599Z] > authorizing via signed-in user (vignesh000129@gmail.com)
[info] 
     ######## #### ########  ######## ########     ###     ######  ########
     ##        ##  ##     ## ##       ##     ##  ##   ##  ##       ##
     ######    ##  ########  ######   ########  #########  ######  ######
     ##        ##  ##    ##  ##       ##     ## ##     ##       ## ##
     ##       #### ##     ## ######## ########  ##     ##  ######  ########

You're about to initialize a Firebase project in this directory:

  /Users/vignesh.m/Downloads/pdfuploder

[info] 
=== Project Setup
[info] 
[info] First, let's associate this project directory with a Firebase project.
[info] You can create multiple project aliases by running firebase use --add, 
[info] but for now we'll just set up a default project.
[info] 
[debug] [2024-09-19T16:28:59.545Z] >>> [apiv2][query] GET https://firebase.googleapis.com/v1beta1/projects pageSize=100
[debug] [2024-09-19T16:29:07.397Z] <<< [apiv2][status] GET https://firebase.googleapis.com/v1beta1/projects 200
[debug] [2024-09-19T16:29:07.397Z] <<< [apiv2][body] GET https://firebase.googleapis.com/v1beta1/projects [omitted]
[info] i  Using project fir-a92bb (demo) 
[info] 
=== Hosting Setup
[debug] [2024-09-19T16:29:20.644Z] >>> [apiv2][query] GET https://firebase.googleapis.com/v1beta1/projects/fir-a92bb [none]
[debug] [2024-09-19T16:29:21.917Z] <<< [apiv2][status] GET https://firebase.googleapis.com/v1beta1/projects/fir-a92bb 200
[debug] [2024-09-19T16:29:21.917Z] <<< [apiv2][body] GET https://firebase.googleapis.com/v1beta1/projects/fir-a92bb {"projectId":"fir-a92bb","projectNumber":"473679979652","displayName":"demo","name":"projects/fir-a92bb","resources":{"hostingSite":"fir-a92bb"},"state":"ACTIVE","etag":"1_305c6943-1e49-4cea-8983-4476ce8f6a1f"}
[info] 
[info] Your public directory is the folder (relative to your project directory) that
[info] will contain Hosting assets to be uploaded with firebase deploy. If you
[info] have a build process for your assets, use your build's output directory.
[info] 
[debug] [2024-09-19T16:33:35.215Z] >>> [apiv2][query] GET https://www.gstatic.com/firebasejs/releases.json [none]
[debug] [2024-09-19T16:33:35.415Z] <<< [apiv2][status] GET https://www.gstatic.com/firebasejs/releases.json 200
[debug] [2024-09-19T16:33:35.415Z] <<< [apiv2][body] GET https://www.gstatic.com/firebasejs/releases.json {"current":{"version":"10.13.2","browserURL":"https://www.gstatic.com/firebasejs/10.13.2/firebase.js","packageURL":"https://www.gstatic.com/firebasejs/10.13.2/firebase.tgz"},"live":{"version":"10.13","browserURL":"https://www.gstatic.com/firebasejs/live/10.13/firebase.js","packageURL":"https://www.gstatic.com/firebasejs/live/10.13/firebase.tgz"},"components":{"analytics":"https://www.gstatic.com/firebasejs/10.13.2/firebase-analytics.js","app":"https://www.gstatic.com/firebasejs/10.13.2/firebase-app.js","app-check":"https://www.gstatic.com/firebasejs/10.13.2/firebase-app-check.js","auth":"https://www.gstatic.com/firebasejs/10.13.2/firebase-auth.js","auth/cordova":"https://www.gstatic.com/firebasejs/10.13.2/firebase-auth/cordova.js","auth/web-extension":"https://www.gstatic.com/firebasejs/10.13.2/firebase-auth/web-extension.js","functions":"https://www.gstatic.com/firebasejs/10.13.2/firebase-functions.js","firestore":"https://www.gstatic.com/firebasejs/10.13.2/firebase-firestore.js","firestore/lite":"https://www.gstatic.com/firebasejs/10.13.2/firebase-firestore/lite.js","installations":"https://www.gstatic.com/firebasejs/10.13.2/firebase-installations.js","storage":"https://www.gstatic.com/firebasejs/10.13.2/firebase-storage.js","performance":"https://www.gstatic.com/firebasejs/10.13.2/firebase-performance.js","remote-config":"https://www.gstatic.com/firebasejs/10.13.2/firebase-remote-config.js","messaging":"https://www.gstatic.com/firebasejs/10.13.2/firebase-messaging.js","messaging/sw":"https://www.gstatic.com/firebasejs/10.13.2/firebase-messaging/sw.js","database":"https://www.gstatic.com/firebasejs/10.13.2/firebase-database.js","vertexai-preview":"https://www.gstatic.com/firebasejs/10.13.2/firebase-vertexai-preview.js","firestore.memory":"https://www.gstatic.com/firebasejs/10.13.2/firebase-firestore.memory.js"}}
[info] ✔  Wrote public/index.html 
[info] 
[info] i  Didn't detect a .git folder. Assuming /Users/vignesh.m/Downloads/pdfuploder is the project root. 
[info] i  Authorizing with GitHub to upload your service account to a GitHub repository's secrets store. 
[info] 
[info] Visit this URL on this device to log in:
[info] https://github.com/login/oauth/authorize?client_id=89cf50f02ac6aaed3484&state=472113074&redirect_uri=http%3A%2F%2Flocalhost%3A9005&scope=read%3Auser%20repo%20public_repo
[info] 
[info] Waiting for authentication...
[debug] [2024-09-19T16:33:42.089Z] >>> [apiv2][query] POST https://github.com/login/oauth/access_token [none]
[debug] [2024-09-19T16:33:42.089Z] >>> [apiv2][body] POST https://github.com/login/oauth/access_token [stream]
[debug] [2024-09-19T16:33:42.618Z] <<< [apiv2][status] POST https://github.com/login/oauth/access_token 200
[debug] [2024-09-19T16:33:42.619Z] <<< [apiv2][body] POST https://github.com/login/oauth/access_token {"access_token":"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","token_type":"bearer","scope":"read:user,repo"}
[debug] [2024-09-19T16:33:42.625Z] >>> [apiv2][query] GET https://api.github.com/user [none]
[debug] [2024-09-19T16:33:43.093Z] <<< [apiv2][status] GET https://api.github.com/user 200
[debug] [2024-09-19T16:33:43.093Z] <<< [apiv2][body] GET https://api.github.com/user {"login":"Vigneshkatz","id":107601806,"node_id":"U_kgDOBmnfjg","avatar_url":"https://avatars.githubusercontent.com/u/107601806?v=4","gravatar_id":"","url":"https://api.github.com/users/Vigneshkatz","html_url":"https://github.com/Vigneshkatz","followers_url":"https://api.github.com/users/Vigneshkatz/followers","following_url":"https://api.github.com/users/Vigneshkatz/following{/other_user}","gists_url":"https://api.github.com/users/Vigneshkatz/gists{/gist_id}","starred_url":"https://api.github.com/users/Vigneshkatz/starred{/owner}{/repo}","subscriptions_url":"https://api.github.com/users/Vigneshkatz/subscriptions","organizations_url":"https://api.github.com/users/Vigneshkatz/orgs","repos_url":"https://api.github.com/users/Vigneshkatz/repos","events_url":"https://api.github.com/users/Vigneshkatz/events{/privacy}","received_events_url":"https://api.github.com/users/Vigneshkatz/received_events","type":"User","site_admin":false,"name":"Vignesh","company":"Mountblue","blog":"","location":"Bangalore","email":null,"hireable":null,"bio":"Hello world","twitter_username":null,"notification_email":null,"public_repos":34,"public_gists":2,"followers":0,"following":0,"created_at":"2022-06-16T04:17:42Z","updated_at":"2024-08-29T10:36:43Z","private_gists":0,"total_private_repos":3,"owned_private_repos":3,"disk_usage":207845,"collaborators":0,"two_factor_authentication":false,"plan":{"name":"free","space":976562499,"collaborators":0,"private_repos":10000}}
[info] 
[info] ✔  Success! Logged into GitHub as Vigneshkatz 
[info] 
